<?xml version="1.0" encoding="UTF-8"?>
<testng-results ignored="0" total="1" passed="1" failed="0" skipped="0">
  <reporter-output>
  </reporter-output>
  <suite started-at="2023-08-22T17:06:20 IST" name="Default suite" finished-at="2023-08-22T17:06:31 IST" duration-ms="10536">
    <groups>
    </groups>
    <test started-at="2023-08-22T17:06:20 IST" name="Default test" finished-at="2023-08-22T17:06:31 IST" duration-ms="10536">
      <class name="Com.Marcuri.Marcuri_Registration_page">
        <test-method is-config="true" signature="beforeSuite()[pri:0, instance:Com.Marcuri.Marcuri_Registration_page@5403f35f]" started-at="2023-08-22T17:06:19 IST" name="beforeSuite" finished-at="2023-08-22T17:06:20 IST" duration-ms="1624" status="PASS">
          <reporter-output>
          </reporter-output>
        </test-method> <!-- beforeSuite -->
        <test-method is-config="true" signature="beforeTest()[pri:0, instance:Com.Marcuri.Marcuri_Registration_page@5403f35f]" started-at="2023-08-22T17:06:20 IST" name="beforeTest" finished-at="2023-08-22T17:06:24 IST" duration-ms="4138" status="PASS">
          <reporter-output>
          </reporter-output>
        </test-method> <!-- beforeTest -->
        <test-method is-config="true" signature="beforeClass()[pri:0, instance:Com.Marcuri.Marcuri_Registration_page@5403f35f]" started-at="2023-08-22T17:06:25 IST" name="beforeClass" finished-at="2023-08-22T17:06:25 IST" duration-ms="127" status="PASS">
          <reporter-output>
          </reporter-output>
        </test-method> <!-- beforeClass -->
        <test-method is-config="true" signature="beforeMethod()[pri:0, instance:Com.Marcuri.Marcuri_Registration_page@5403f35f]" started-at="2023-08-22T17:06:25 IST" name="beforeMethod" finished-at="2023-08-22T17:06:25 IST" duration-ms="17" status="PASS">
          <reporter-output>
          </reporter-output>
        </test-method> <!-- beforeMethod -->
        <test-method signature="f(java.lang.String,java.lang.String,java.lang.String,java.lang.String,java.lang.String,java.lang.String,java.lang.String,java.lang.String,java.lang.String,java.lang.String,java.lang.String,java.lang.String)[pri:0, instance:Com.Marcuri.Marcuri_Registration_page@5403f35f]" started-at="2023-08-22T17:06:25 IST" name="f" data-provider="getdata" finished-at="2023-08-22T17:06:28 IST" duration-ms="3810" status="PASS">
          <params>
            <param index="0">
              <value>
                <![CDATA[Saurabh]]>
              </value>
            </param>
            <param index="1">
              <value>
                <![CDATA[nagpure]]>
              </value>
            </param>
            <param index="2">
              <value>
                <![CDATA[8390666720]]>
              </value>
            </param>
            <param index="3">
              <value>
                <![CDATA[saurabhnagpure1013@gmail.com]]>
              </value>
            </param>
            <param index="4">
              <value>
                <![CDATA[arvinaka]]>
              </value>
            </param>
            <param index="5">
              <value>
                <![CDATA[Wardha]]>
              </value>
            </param>
            <param index="6">
              <value>
                <![CDATA[maharashtra]]>
              </value>
            </param>
            <param index="7">
              <value>
                <![CDATA[442001]]>
              </value>
            </param>
            <param index="8">
              <value>
                <![CDATA[sn1010]]>
              </value>
            </param>
            <param index="9">
              <value>
                <![CDATA[654321]]>
              </value>
            </param>
            <param index="10">
              <value>
                <![CDATA[654321]]>
              </value>
            </param>
            <param index="11">
              <value>
                <![CDATA[INDIA]]>
              </value>
            </param>
          </params>
          <reporter-output>
          </reporter-output>
        </test-method> <!-- f -->
        <test-method is-config="true" signature="afterMethod()[pri:0, instance:Com.Marcuri.Marcuri_Registration_page@5403f35f]" started-at="2023-08-22T17:06:28 IST" name="afterMethod" finished-at="2023-08-22T17:06:29 IST" duration-ms="259" status="PASS">
          <reporter-output>
          </reporter-output>
        </test-method> <!-- afterMethod -->
        <test-method is-config="true" signature="afterClass()[pri:0, instance:Com.Marcuri.Marcuri_Registration_page@5403f35f]" started-at="2023-08-22T17:06:29 IST" name="afterClass" finished-at="2023-08-22T17:06:31 IST" duration-ms="1974" status="PASS">
          <reporter-output>
          </reporter-output>
        </test-method> <!-- afterClass -->
        <test-method is-config="true" signature="afterTest()[pri:0, instance:Com.Marcuri.Marcuri_Registration_page@5403f35f]" started-at="2023-08-22T17:06:31 IST" name="afterTest" finished-at="2023-08-22T17:06:31 IST" duration-ms="160" status="PASS">
          <reporter-output>
          </reporter-output>
        </test-method> <!-- afterTest -->
        <test-method is-config="true" signature="afterSuite()[pri:0, instance:Com.Marcuri.Marcuri_Registration_page@5403f35f]" started-at="2023-08-22T17:06:31 IST" name="afterSuite" finished-at="2023-08-22T17:06:31 IST" duration-ms="0" status="PASS">
          <reporter-output>
          </reporter-output>
        </test-method> <!-- afterSuite -->
      </class> <!-- Com.Marcuri.Marcuri_Registration_page -->
    </test> <!-- Default test -->
  </suite> <!-- Default suite -->
</testng-results>
